2020-10-19 10:27:06,365 INFO [main] c.e.d.DemoApplication [StartupInfoLogger.java:50] Starting DemoApplication on wangjiedeMacBook-Pro.local with PID 14957 (/Users/wangjie/project/tgnuaa_server/target/classes started by wangjie in /Users/wangjie/project/tgnuaa_server)
2020-10-19 10:27:06,370 INFO [main] c.e.d.DemoApplication [SpringApplication.java:675] No active profile set, falling back to default profiles: default
2020-10-19 10:27:08,410 INFO [main] o.s.b.w.e.t.TomcatWebServer [TomcatWebServer.java:90] Tomcat initialized with port(s): 8080 (http)
2020-10-19 10:27:08,436 INFO [main] o.a.c.h.Http11NioProtocol [DirectJDKLog.java:173] Initializing ProtocolHandler ["http-nio-8080"]
2020-10-19 10:27:08,450 INFO [main] o.a.c.c.StandardService [DirectJDKLog.java:173] Starting service [Tomcat]
2020-10-19 10:27:08,451 INFO [main] o.a.c.c.StandardEngine [DirectJDKLog.java:173] Starting Servlet Engine: Apache Tomcat/9.0.13
2020-10-19 10:27:08,463 INFO [main] o.a.c.c.AprLifecycleListener [DirectJDKLog.java:173] The APR based Apache Tomcat Native library which allows optimal performance in production environments was not found on the java.library.path: [/Users/wangjie/Library/Java/Extensions:/Library/Java/Extensions:/Network/Library/Java/Extensions:/System/Library/Java/Extensions:/usr/lib/java:.]
2020-10-19 10:27:08,615 INFO [main] o.a.c.c.C.[.[.[/tgnuaa] [DirectJDKLog.java:173] Initializing Spring embedded WebApplicationContext
2020-10-19 10:27:08,616 INFO [main] o.s.w.c.ContextLoader [ServletWebServerApplicationContext.java:296] Root WebApplicationContext: initialization completed in 2189 ms
2020-10-19 10:27:09,269 INFO [main] c.a.d.s.b.a.DruidDataSourceAutoConfigure [DruidDataSourceAutoConfigure.java:56] Init DruidDataSource
2020-10-19 10:27:09,642 INFO [main] c.a.d.p.DruidDataSource [DruidDataSource.java:991] {dataSource-1} inited
2020-10-19 10:27:10,463 INFO [main] o.s.s.c.ThreadPoolTaskExecutor [ExecutorConfigurationSupport.java:171] Initializing ExecutorService 'applicationTaskExecutor'
2020-10-19 10:27:11,055 INFO [main] o.a.c.h.Http11NioProtocol [DirectJDKLog.java:173] Starting ProtocolHandler ["http-nio-8080"]
2020-10-19 10:27:11,074 INFO [main] o.a.t.u.n.NioSelectorPool [DirectJDKLog.java:173] Using a shared selector for servlet write/read
2020-10-19 10:27:11,089 INFO [main] o.s.b.w.e.t.TomcatWebServer [TomcatWebServer.java:204] Tomcat started on port(s): 8080 (http) with context path '/tgnuaa'
2020-10-19 10:27:11,093 INFO [main] c.e.d.DemoApplication [StartupInfoLogger.java:59] Started DemoApplication in 5.081 seconds (JVM running for 5.888)
2020-10-19 10:54:28,412 INFO [Thread-10] o.s.s.c.ThreadPoolTaskExecutor [ExecutorConfigurationSupport.java:208] Shutting down ExecutorService 'applicationTaskExecutor'
2020-10-19 10:54:28,487 INFO [Thread-10] c.a.d.p.DruidDataSource [DruidDataSource.java:1928] {dataSource-1} closed
2020-10-19 11:25:07,502 INFO [main] c.e.d.DemoApplication [StartupInfoLogger.java:50] Starting DemoApplication on wangjiedeMacBook-Pro.local with PID 16282 (/Users/wangjie/project/tgnuaa_server/target/classes started by wangjie in /Users/wangjie/project/tgnuaa_server)
2020-10-19 11:25:07,506 INFO [main] c.e.d.DemoApplication [SpringApplication.java:675] No active profile set, falling back to default profiles: default
2020-10-19 11:25:08,557 INFO [main] o.s.c.s.PostProcessorRegistrationDelegate$BeanPostProcessorChecker [PostProcessorRegistrationDelegate.java:330] Bean 'org.springframework.transaction.annotation.ProxyTransactionManagementConfiguration' of type [org.springframework.transaction.annotation.ProxyTransactionManagementConfiguration$$EnhancerBySpringCGLIB$$80331831] is not eligible for getting processed by all BeanPostProcessors (for example: not eligible for auto-proxying)
2020-10-19 11:25:08,887 INFO [main] o.s.b.w.e.t.TomcatWebServer [TomcatWebServer.java:90] Tomcat initialized with port(s): 8080 (http)
2020-10-19 11:25:08,902 INFO [main] o.a.c.h.Http11NioProtocol [DirectJDKLog.java:173] Initializing ProtocolHandler ["http-nio-8080"]
2020-10-19 11:25:08,909 INFO [main] o.a.c.c.StandardService [DirectJDKLog.java:173] Starting service [Tomcat]
2020-10-19 11:25:08,910 INFO [main] o.a.c.c.StandardEngine [DirectJDKLog.java:173] Starting Servlet Engine: Apache Tomcat/9.0.13
2020-10-19 11:25:08,916 INFO [main] o.a.c.c.AprLifecycleListener [DirectJDKLog.java:173] The APR based Apache Tomcat Native library which allows optimal performance in production environments was not found on the java.library.path: [/Users/wangjie/Library/Java/Extensions:/Library/Java/Extensions:/Network/Library/Java/Extensions:/System/Library/Java/Extensions:/usr/lib/java:.]
2020-10-19 11:25:09,011 INFO [main] o.a.c.c.C.[.[.[/tgnuaa] [DirectJDKLog.java:173] Initializing Spring embedded WebApplicationContext
2020-10-19 11:25:09,011 INFO [main] o.s.w.c.ContextLoader [ServletWebServerApplicationContext.java:296] Root WebApplicationContext: initialization completed in 1470 ms
2020-10-19 11:25:09,144 INFO [main] c.a.d.s.b.a.DruidDataSourceAutoConfigure [DruidDataSourceAutoConfigure.java:56] Init DruidDataSource
2020-10-19 11:25:09,269 INFO [main] c.a.d.p.DruidDataSource [DruidDataSource.java:991] {dataSource-1} inited
2020-10-19 11:25:09,688 INFO [main] s.d.s.w.PropertySourcedRequestMappingHandlerMapping [PropertySourcedRequestMappingHandlerMapping.java:69] Mapped URL path [/v2/api-docs] onto method [public org.springframework.http.ResponseEntity<springfox.documentation.spring.web.json.Json> springfox.documentation.swagger2.web.Swagger2Controller.getDocumentation(java.lang.String,javax.servlet.http.HttpServletRequest)]
2020-10-19 11:25:09,796 INFO [main] o.s.s.c.ThreadPoolTaskExecutor [ExecutorConfigurationSupport.java:171] Initializing ExecutorService 'applicationTaskExecutor'
2020-10-19 11:25:10,024 INFO [main] s.d.s.w.p.DocumentationPluginsBootstrapper [DocumentationPluginsBootstrapper.java:160] Context refreshed
2020-10-19 11:25:10,051 INFO [main] s.d.s.w.p.DocumentationPluginsBootstrapper [DocumentationPluginsBootstrapper.java:163] Found 1 custom documentation plugin(s)
2020-10-19 11:25:10,079 INFO [main] s.d.s.w.s.ApiListingReferenceScanner [ApiListingReferenceScanner.java:41] Scanning for api listing references
2020-10-19 11:25:10,223 INFO [main] o.a.c.h.Http11NioProtocol [DirectJDKLog.java:173] Starting ProtocolHandler ["http-nio-8080"]
2020-10-19 11:25:10,241 INFO [main] o.a.t.u.n.NioSelectorPool [DirectJDKLog.java:173] Using a shared selector for servlet write/read
2020-10-19 11:25:10,255 INFO [main] o.s.b.w.e.t.TomcatWebServer [TomcatWebServer.java:204] Tomcat started on port(s): 8080 (http) with context path '/tgnuaa'
2020-10-19 11:25:10,258 INFO [main] c.e.d.DemoApplication [StartupInfoLogger.java:59] Started DemoApplication in 3.064 seconds (JVM running for 3.864)
2020-10-19 11:25:32,234 INFO [http-nio-8080-exec-1] o.a.c.c.C.[.[.[/tgnuaa] [DirectJDKLog.java:173] Initializing Spring DispatcherServlet 'dispatcherServlet'
2020-10-19 11:25:32,236 INFO [http-nio-8080-exec-1] o.s.w.s.DispatcherServlet [FrameworkServlet.java:524] Initializing Servlet 'dispatcherServlet'
2020-10-19 11:25:32,257 INFO [http-nio-8080-exec-1] o.s.w.s.DispatcherServlet [FrameworkServlet.java:546] Completed initialization in 20 ms
2020-10-19 11:25:45,476 INFO [Thread-8] o.s.s.c.ThreadPoolTaskExecutor [ExecutorConfigurationSupport.java:208] Shutting down ExecutorService 'applicationTaskExecutor'
2020-10-19 11:25:45,519 INFO [Thread-8] c.a.d.p.DruidDataSource [DruidDataSource.java:1928] {dataSource-1} closed
2020-10-19 11:26:12,445 INFO [main] c.e.d.DemoApplication [StartupInfoLogger.java:50] Starting DemoApplication on wangjiedeMacBook-Pro.local with PID 16318 (/Users/wangjie/project/tgnuaa_server/target/classes started by wangjie in /Users/wangjie/project/tgnuaa_server)
2020-10-19 11:26:12,448 INFO [main] c.e.d.DemoApplication [SpringApplication.java:675] No active profile set, falling back to default profiles: default
2020-10-19 11:26:13,441 INFO [main] o.s.c.s.PostProcessorRegistrationDelegate$BeanPostProcessorChecker [PostProcessorRegistrationDelegate.java:330] Bean 'org.springframework.transaction.annotation.ProxyTransactionManagementConfiguration' of type [org.springframework.transaction.annotation.ProxyTransactionManagementConfiguration$$EnhancerBySpringCGLIB$$3b8bde85] is not eligible for getting processed by all BeanPostProcessors (for example: not eligible for auto-proxying)
2020-10-19 11:26:13,731 INFO [main] o.s.b.w.e.t.TomcatWebServer [TomcatWebServer.java:90] Tomcat initialized with port(s): 8080 (http)
2020-10-19 11:26:13,742 INFO [main] o.a.c.h.Http11NioProtocol [DirectJDKLog.java:173] Initializing ProtocolHandler ["http-nio-8080"]
2020-10-19 11:26:13,748 INFO [main] o.a.c.c.StandardService [DirectJDKLog.java:173] Starting service [Tomcat]
2020-10-19 11:26:13,749 INFO [main] o.a.c.c.StandardEngine [DirectJDKLog.java:173] Starting Servlet Engine: Apache Tomcat/9.0.13
2020-10-19 11:26:13,754 INFO [main] o.a.c.c.AprLifecycleListener [DirectJDKLog.java:173] The APR based Apache Tomcat Native library which allows optimal performance in production environments was not found on the java.library.path: [/Users/wangjie/Library/Java/Extensions:/Library/Java/Extensions:/Network/Library/Java/Extensions:/System/Library/Java/Extensions:/usr/lib/java:.]
2020-10-19 11:26:13,830 INFO [main] o.a.c.c.C.[.[.[/tgnuaa] [DirectJDKLog.java:173] Initializing Spring embedded WebApplicationContext
2020-10-19 11:26:13,830 INFO [main] o.s.w.c.ContextLoader [ServletWebServerApplicationContext.java:296] Root WebApplicationContext: initialization completed in 1353 ms
2020-10-19 11:26:13,946 INFO [main] c.a.d.s.b.a.DruidDataSourceAutoConfigure [DruidDataSourceAutoConfigure.java:56] Init DruidDataSource
2020-10-19 11:26:14,075 INFO [main] c.a.d.p.DruidDataSource [DruidDataSource.java:991] {dataSource-1} inited
2020-10-19 11:26:14,415 INFO [main] s.d.s.w.PropertySourcedRequestMappingHandlerMapping [PropertySourcedRequestMappingHandlerMapping.java:69] Mapped URL path [/v2/api-docs] onto method [public org.springframework.http.ResponseEntity<springfox.documentation.spring.web.json.Json> springfox.documentation.swagger2.web.Swagger2Controller.getDocumentation(java.lang.String,javax.servlet.http.HttpServletRequest)]
2020-10-19 11:26:14,515 INFO [main] o.s.s.c.ThreadPoolTaskExecutor [ExecutorConfigurationSupport.java:171] Initializing ExecutorService 'applicationTaskExecutor'
2020-10-19 11:26:14,709 INFO [main] s.d.s.w.p.DocumentationPluginsBootstrapper [DocumentationPluginsBootstrapper.java:160] Context refreshed
2020-10-19 11:26:14,721 INFO [main] s.d.s.w.p.DocumentationPluginsBootstrapper [DocumentationPluginsBootstrapper.java:163] Found 1 custom documentation plugin(s)
2020-10-19 11:26:14,742 INFO [main] s.d.s.w.s.ApiListingReferenceScanner [ApiListingReferenceScanner.java:41] Scanning for api listing references
2020-10-19 11:26:14,841 INFO [main] o.a.c.h.Http11NioProtocol [DirectJDKLog.java:173] Starting ProtocolHandler ["http-nio-8080"]
2020-10-19 11:26:14,856 INFO [main] o.a.t.u.n.NioSelectorPool [DirectJDKLog.java:173] Using a shared selector for servlet write/read
2020-10-19 11:26:14,868 INFO [main] o.s.b.w.e.t.TomcatWebServer [TomcatWebServer.java:204] Tomcat started on port(s): 8080 (http) with context path '/tgnuaa'
2020-10-19 11:26:14,871 INFO [main] c.e.d.DemoApplication [StartupInfoLogger.java:59] Started DemoApplication in 2.731 seconds (JVM running for 3.359)
2020-10-19 11:26:19,761 INFO [http-nio-8080-exec-1] o.a.c.c.C.[.[.[/tgnuaa] [DirectJDKLog.java:173] Initializing Spring DispatcherServlet 'dispatcherServlet'
2020-10-19 11:26:19,762 INFO [http-nio-8080-exec-1] o.s.w.s.DispatcherServlet [FrameworkServlet.java:524] Initializing Servlet 'dispatcherServlet'
2020-10-19 11:26:19,771 INFO [http-nio-8080-exec-1] o.s.w.s.DispatcherServlet [FrameworkServlet.java:546] Completed initialization in 8 ms
2020-10-19 11:30:20,147 INFO [Thread-8] o.s.s.c.ThreadPoolTaskExecutor [ExecutorConfigurationSupport.java:208] Shutting down ExecutorService 'applicationTaskExecutor'
2020-10-19 11:30:20,156 INFO [Thread-8] c.a.d.p.DruidDataSource [DruidDataSource.java:1928] {dataSource-1} closed
2020-10-19 11:58:27,551 INFO [restartedMain] c.e.d.DemoApplication [StartupInfoLogger.java:50] Starting DemoApplication on wangjiedeMacBook-Pro.local with PID 17178 (/Users/wangjie/project/tgnuaa_server/target/classes started by wangjie in /Users/wangjie/project/tgnuaa_server)
2020-10-19 11:58:27,591 INFO [restartedMain] c.e.d.DemoApplication [SpringApplication.java:675] No active profile set, falling back to default profiles: default
2020-10-19 11:58:34,243 INFO [restartedMain] o.s.c.s.PostProcessorRegistrationDelegate$BeanPostProcessorChecker [PostProcessorRegistrationDelegate.java:330] Bean 'org.springframework.transaction.annotation.ProxyTransactionManagementConfiguration' of type [org.springframework.transaction.annotation.ProxyTransactionManagementConfiguration$$EnhancerBySpringCGLIB$$2e2966f4] is not eligible for getting processed by all BeanPostProcessors (for example: not eligible for auto-proxying)
2020-10-19 11:58:35,497 INFO [restartedMain] o.s.b.w.e.t.TomcatWebServer [TomcatWebServer.java:90] Tomcat initialized with port(s): 8080 (http)
2020-10-19 11:58:35,528 INFO [restartedMain] o.a.c.h.Http11NioProtocol [DirectJDKLog.java:173] Initializing ProtocolHandler ["http-nio-8080"]
2020-10-19 11:58:35,546 INFO [restartedMain] o.a.c.c.StandardService [DirectJDKLog.java:173] Starting service [Tomcat]
2020-10-19 11:58:35,547 INFO [restartedMain] o.a.c.c.StandardEngine [DirectJDKLog.java:173] Starting Servlet Engine: Apache Tomcat/9.0.13
2020-10-19 11:58:35,566 INFO [restartedMain] o.a.c.c.AprLifecycleListener [DirectJDKLog.java:173] The APR based Apache Tomcat Native library which allows optimal performance in production environments was not found on the java.library.path: [/Users/wangjie/Library/Java/Extensions:/Library/Java/Extensions:/Network/Library/Java/Extensions:/System/Library/Java/Extensions:/usr/lib/java:.]
2020-10-19 11:58:35,797 INFO [restartedMain] o.a.c.c.C.[.[.[/tgnuaa] [DirectJDKLog.java:173] Initializing Spring embedded WebApplicationContext
2020-10-19 11:58:35,798 INFO [restartedMain] o.s.w.c.ContextLoader [ServletWebServerApplicationContext.java:296] Root WebApplicationContext: initialization completed in 8026 ms
2020-10-19 11:58:35,994 INFO [restartedMain] c.a.d.s.b.a.DruidDataSourceAutoConfigure [DruidDataSourceAutoConfigure.java:56] Init DruidDataSource
2020-10-19 11:58:36,258 INFO [restartedMain] c.a.d.p.DruidDataSource [DruidDataSource.java:991] {dataSource-1} inited
2020-10-19 11:58:36,923 INFO [restartedMain] s.d.s.w.PropertySourcedRequestMappingHandlerMapping [PropertySourcedRequestMappingHandlerMapping.java:69] Mapped URL path [/v2/api-docs] onto method [public org.springframework.http.ResponseEntity<springfox.documentation.spring.web.json.Json> springfox.documentation.swagger2.web.Swagger2Controller.getDocumentation(java.lang.String,javax.servlet.http.HttpServletRequest)]
2020-10-19 11:58:37,098 INFO [restartedMain] o.s.s.c.ThreadPoolTaskExecutor [ExecutorConfigurationSupport.java:171] Initializing ExecutorService 'applicationTaskExecutor'
2020-10-19 11:58:37,434 INFO [restartedMain] o.s.b.d.a.OptionalLiveReloadServer [OptionalLiveReloadServer.java:57] LiveReload server is running on port 35729
2020-10-19 11:58:37,473 INFO [restartedMain] s.d.s.w.p.DocumentationPluginsBootstrapper [DocumentationPluginsBootstrapper.java:160] Context refreshed
2020-10-19 11:58:37,500 INFO [restartedMain] s.d.s.w.p.DocumentationPluginsBootstrapper [DocumentationPluginsBootstrapper.java:163] Found 1 custom documentation plugin(s)
2020-10-19 11:58:37,535 INFO [restartedMain] s.d.s.w.s.ApiListingReferenceScanner [ApiListingReferenceScanner.java:41] Scanning for api listing references
2020-10-19 11:58:37,700 INFO [restartedMain] o.a.c.h.Http11NioProtocol [DirectJDKLog.java:173] Starting ProtocolHandler ["http-nio-8080"]
2020-10-19 11:58:37,723 INFO [restartedMain] o.a.t.u.n.NioSelectorPool [DirectJDKLog.java:173] Using a shared selector for servlet write/read
2020-10-19 11:58:37,739 INFO [restartedMain] o.s.b.w.e.t.TomcatWebServer [TomcatWebServer.java:204] Tomcat started on port(s): 8080 (http) with context path '/tgnuaa'
2020-10-19 11:58:37,744 INFO [restartedMain] c.e.d.DemoApplication [StartupInfoLogger.java:59] Started DemoApplication in 11.438 seconds (JVM running for 14.31)
2020-10-19 11:58:57,077 INFO [Thread-27] o.s.s.c.ThreadPoolTaskExecutor [ExecutorConfigurationSupport.java:208] Shutting down ExecutorService 'applicationTaskExecutor'
2020-10-19 11:58:57,090 INFO [Thread-27] c.a.d.p.DruidDataSource [DruidDataSource.java:1928] {dataSource-1} closed
2020-10-19 11:58:57,331 INFO [restartedMain] c.e.d.DemoApplication [StartupInfoLogger.java:50] Starting DemoApplication on wangjiedeMacBook-Pro.local with PID 17178 (/Users/wangjie/project/tgnuaa_server/target/classes started by wangjie in /Users/wangjie/project/tgnuaa_server)
2020-10-19 11:58:57,331 INFO [restartedMain] c.e.d.DemoApplication [SpringApplication.java:675] No active profile set, falling back to default profiles: default
2020-10-19 11:58:57,762 INFO [restartedMain] o.s.c.s.PostProcessorRegistrationDelegate$BeanPostProcessorChecker [PostProcessorRegistrationDelegate.java:330] Bean 'org.springframework.transaction.annotation.ProxyTransactionManagementConfiguration' of type [org.springframework.transaction.annotation.ProxyTransactionManagementConfiguration$$EnhancerBySpringCGLIB$$2e2966f4] is not eligible for getting processed by all BeanPostProcessors (for example: not eligible for auto-proxying)
2020-10-19 11:58:57,826 INFO [restartedMain] o.s.b.w.e.t.TomcatWebServer [TomcatWebServer.java:90] Tomcat initialized with port(s): 8080 (http)
2020-10-19 11:58:57,827 INFO [restartedMain] o.a.c.h.Http11NioProtocol [DirectJDKLog.java:173] Initializing ProtocolHandler ["http-nio-8080"]
2020-10-19 11:58:57,828 INFO [restartedMain] o.a.c.c.StandardService [DirectJDKLog.java:173] Starting service [Tomcat]
2020-10-19 11:58:57,828 INFO [restartedMain] o.a.c.c.StandardEngine [DirectJDKLog.java:173] Starting Servlet Engine: Apache Tomcat/9.0.13
2020-10-19 11:58:57,841 INFO [restartedMain] o.a.c.c.C.[.[.[/tgnuaa] [DirectJDKLog.java:173] Initializing Spring embedded WebApplicationContext
2020-10-19 11:58:57,841 INFO [restartedMain] o.s.w.c.ContextLoader [ServletWebServerApplicationContext.java:296] Root WebApplicationContext: initialization completed in 508 ms
2020-10-19 11:58:57,894 INFO [restartedMain] c.a.d.s.b.a.DruidDataSourceAutoConfigure [DruidDataSourceAutoConfigure.java:56] Init DruidDataSource
2020-10-19 11:58:57,916 INFO [restartedMain] c.a.d.p.DruidDataSource [DruidDataSource.java:991] {dataSource-2} inited
2020-10-19 11:58:58,134 INFO [restartedMain] s.d.s.w.PropertySourcedRequestMappingHandlerMapping [PropertySourcedRequestMappingHandlerMapping.java:69] Mapped URL path [/v2/api-docs] onto method [public org.springframework.http.ResponseEntity<springfox.documentation.spring.web.json.Json> springfox.documentation.swagger2.web.Swagger2Controller.getDocumentation(java.lang.String,javax.servlet.http.HttpServletRequest)]
2020-10-19 11:58:58,188 INFO [restartedMain] o.s.s.c.ThreadPoolTaskExecutor [ExecutorConfigurationSupport.java:171] Initializing ExecutorService 'applicationTaskExecutor'
2020-10-19 11:58:58,261 INFO [restartedMain] o.s.b.d.a.OptionalLiveReloadServer [OptionalLiveReloadServer.java:57] LiveReload server is running on port 35729
2020-10-19 11:58:58,294 INFO [restartedMain] s.d.s.w.p.DocumentationPluginsBootstrapper [DocumentationPluginsBootstrapper.java:160] Context refreshed
2020-10-19 11:58:58,295 INFO [restartedMain] s.d.s.w.p.DocumentationPluginsBootstrapper [DocumentationPluginsBootstrapper.java:163] Found 1 custom documentation plugin(s)
2020-10-19 11:58:58,301 INFO [restartedMain] s.d.s.w.s.ApiListingReferenceScanner [ApiListingReferenceScanner.java:41] Scanning for api listing references
2020-10-19 11:58:58,328 INFO [restartedMain] o.a.c.h.Http11NioProtocol [DirectJDKLog.java:173] Starting ProtocolHandler ["http-nio-8080"]
2020-10-19 11:58:58,329 INFO [restartedMain] o.a.t.u.n.NioSelectorPool [DirectJDKLog.java:173] Using a shared selector for servlet write/read
2020-10-19 11:58:58,331 INFO [restartedMain] o.s.b.w.e.t.TomcatWebServer [TomcatWebServer.java:204] Tomcat started on port(s): 8080 (http) with context path '/tgnuaa'
2020-10-19 11:58:58,332 INFO [restartedMain] c.e.d.DemoApplication [StartupInfoLogger.java:59] Started DemoApplication in 1.041 seconds (JVM running for 34.898)
2020-10-19 11:58:58,336 INFO [restartedMain] o.s.b.d.a.ConditionEvaluationDeltaLoggingListener [ConditionEvaluationDeltaLoggingListener.java:56] Condition evaluation unchanged
2020-10-19 12:00:30,472 INFO [http-nio-8080-exec-4] o.a.c.c.C.[.[.[/tgnuaa] [DirectJDKLog.java:173] Initializing Spring DispatcherServlet 'dispatcherServlet'
2020-10-19 12:00:30,485 INFO [http-nio-8080-exec-4] o.s.w.s.DispatcherServlet [FrameworkServlet.java:524] Initializing Servlet 'dispatcherServlet'
2020-10-19 12:00:30,688 INFO [http-nio-8080-exec-4] o.s.w.s.DispatcherServlet [FrameworkServlet.java:546] Completed initialization in 202 ms
2020-10-19 12:00:37,606 INFO [Thread-36] o.s.s.c.ThreadPoolTaskExecutor [ExecutorConfigurationSupport.java:208] Shutting down ExecutorService 'applicationTaskExecutor'
2020-10-19 12:00:37,611 INFO [Thread-36] c.a.d.p.DruidDataSource [DruidDataSource.java:1928] {dataSource-2} closed
2020-10-19 12:00:38,124 INFO [restartedMain] c.e.d.DemoApplication [StartupInfoLogger.java:50] Starting DemoApplication on wangjiedeMacBook-Pro.local with PID 17178 (/Users/wangjie/project/tgnuaa_server/target/classes started by wangjie in /Users/wangjie/project/tgnuaa_server)
2020-10-19 12:00:38,124 INFO [restartedMain] c.e.d.DemoApplication [SpringApplication.java:675] No active profile set, falling back to default profiles: default
2020-10-19 12:00:38,871 INFO [restartedMain] o.s.c.s.PostProcessorRegistrationDelegate$BeanPostProcessorChecker [PostProcessorRegistrationDelegate.java:330] Bean 'org.springframework.transaction.annotation.ProxyTransactionManagementConfiguration' of type [org.springframework.transaction.annotation.ProxyTransactionManagementConfiguration$$EnhancerBySpringCGLIB$$2e2966f4] is not eligible for getting processed by all BeanPostProcessors (for example: not eligible for auto-proxying)
2020-10-19 12:00:38,964 INFO [restartedMain] o.s.b.w.e.t.TomcatWebServer [TomcatWebServer.java:90] Tomcat initialized with port(s): 8080 (http)
2020-10-19 12:00:38,965 INFO [restartedMain] o.a.c.h.Http11NioProtocol [DirectJDKLog.java:173] Initializing ProtocolHandler ["http-nio-8080"]
2020-10-19 12:00:38,965 INFO [restartedMain] o.a.c.c.StandardService [DirectJDKLog.java:173] Starting service [Tomcat]
2020-10-19 12:00:38,966 INFO [restartedMain] o.a.c.c.StandardEngine [DirectJDKLog.java:173] Starting Servlet Engine: Apache Tomcat/9.0.13
2020-10-19 12:00:38,979 INFO [restartedMain] o.a.c.c.C.[.[.[/tgnuaa] [DirectJDKLog.java:173] Initializing Spring embedded WebApplicationContext
2020-10-19 12:00:38,980 INFO [restartedMain] o.s.w.c.ContextLoader [ServletWebServerApplicationContext.java:296] Root WebApplicationContext: initialization completed in 852 ms
2020-10-19 12:00:39,034 INFO [restartedMain] c.a.d.s.b.a.DruidDataSourceAutoConfigure [DruidDataSourceAutoConfigure.java:56] Init DruidDataSource
2020-10-19 12:00:39,059 INFO [restartedMain] c.a.d.p.DruidDataSource [DruidDataSource.java:991] {dataSource-3} inited
2020-10-19 12:00:39,238 INFO [restartedMain] s.d.s.w.PropertySourcedRequestMappingHandlerMapping [PropertySourcedRequestMappingHandlerMapping.java:69] Mapped URL path [/v2/api-docs] onto method [public org.springframework.http.ResponseEntity<springfox.documentation.spring.web.json.Json> springfox.documentation.swagger2.web.Swagger2Controller.getDocumentation(java.lang.String,javax.servlet.http.HttpServletRequest)]
2020-10-19 12:00:39,300 INFO [restartedMain] o.s.s.c.ThreadPoolTaskExecutor [ExecutorConfigurationSupport.java:171] Initializing ExecutorService 'applicationTaskExecutor'
2020-10-19 12:00:39,371 INFO [restartedMain] o.s.b.d.a.OptionalLiveReloadServer [OptionalLiveReloadServer.java:57] LiveReload server is running on port 35729
2020-10-19 12:00:39,393 INFO [restartedMain] s.d.s.w.p.DocumentationPluginsBootstrapper [DocumentationPluginsBootstrapper.java:160] Context refreshed
2020-10-19 12:00:39,395 INFO [restartedMain] s.d.s.w.p.DocumentationPluginsBootstrapper [DocumentationPluginsBootstrapper.java:163] Found 1 custom documentation plugin(s)
2020-10-19 12:00:39,399 INFO [restartedMain] s.d.s.w.s.ApiListingReferenceScanner [ApiListingReferenceScanner.java:41] Scanning for api listing references
2020-10-19 12:00:39,426 INFO [restartedMain] o.a.c.h.Http11NioProtocol [DirectJDKLog.java:173] Starting ProtocolHandler ["http-nio-8080"]
2020-10-19 12:00:39,426 INFO [restartedMain] o.a.t.u.n.NioSelectorPool [DirectJDKLog.java:173] Using a shared selector for servlet write/read
2020-10-19 12:00:39,428 INFO [restartedMain] o.s.b.w.e.t.TomcatWebServer [TomcatWebServer.java:204] Tomcat started on port(s): 8080 (http) with context path '/tgnuaa'
2020-10-19 12:00:39,429 INFO [restartedMain] c.e.d.DemoApplication [StartupInfoLogger.java:59] Started DemoApplication in 1.36 seconds (JVM running for 135.995)
2020-10-19 12:00:39,431 INFO [restartedMain] o.s.b.d.a.ConditionEvaluationDeltaLoggingListener [ConditionEvaluationDeltaLoggingListener.java:56] Condition evaluation unchanged
2020-10-19 12:01:38,036 INFO [http-nio-8080-exec-1] o.a.c.c.C.[.[.[/tgnuaa] [DirectJDKLog.java:173] Initializing Spring DispatcherServlet 'dispatcherServlet'
2020-10-19 12:01:38,054 INFO [http-nio-8080-exec-1] o.s.w.s.DispatcherServlet [FrameworkServlet.java:524] Initializing Servlet 'dispatcherServlet'
2020-10-19 12:01:38,304 INFO [http-nio-8080-exec-1] o.s.w.s.DispatcherServlet [FrameworkServlet.java:546] Completed initialization in 250 ms
2020-10-19 12:01:49,982 INFO [Thread-47] o.s.s.c.ThreadPoolTaskExecutor [ExecutorConfigurationSupport.java:208] Shutting down ExecutorService 'applicationTaskExecutor'
2020-10-19 12:01:50,033 INFO [Thread-47] c.a.d.p.DruidDataSource [DruidDataSource.java:1928] {dataSource-3} closed
2020-10-19 12:01:54,415 INFO [restartedMain] c.e.d.DemoApplication [StartupInfoLogger.java:50] Starting DemoApplication on wangjiedeMacBook-Pro.local with PID 17294 (/Users/wangjie/project/tgnuaa_server/target/classes started by wangjie in /Users/wangjie/project/tgnuaa_server)
2020-10-19 12:01:54,419 INFO [restartedMain] c.e.d.DemoApplication [SpringApplication.java:675] No active profile set, falling back to default profiles: default
2020-10-19 12:01:55,359 INFO [restartedMain] o.s.c.s.PostProcessorRegistrationDelegate$BeanPostProcessorChecker [PostProcessorRegistrationDelegate.java:330] Bean 'org.springframework.transaction.annotation.ProxyTransactionManagementConfiguration' of type [org.springframework.transaction.annotation.ProxyTransactionManagementConfiguration$$EnhancerBySpringCGLIB$$52ba10ab] is not eligible for getting processed by all BeanPostProcessors (for example: not eligible for auto-proxying)
2020-10-19 12:01:55,768 INFO [restartedMain] o.s.b.w.e.t.TomcatWebServer [TomcatWebServer.java:90] Tomcat initialized with port(s): 8080 (http)
2020-10-19 12:01:55,783 INFO [restartedMain] o.a.c.h.Http11NioProtocol [DirectJDKLog.java:173] Initializing ProtocolHandler ["http-nio-8080"]
2020-10-19 12:01:55,799 INFO [restartedMain] o.a.c.c.StandardService [DirectJDKLog.java:173] Starting service [Tomcat]
2020-10-19 12:01:55,799 INFO [restartedMain] o.a.c.c.StandardEngine [DirectJDKLog.java:173] Starting Servlet Engine: Apache Tomcat/9.0.13
2020-10-19 12:01:55,805 INFO [restartedMain] o.a.c.c.AprLifecycleListener [DirectJDKLog.java:173] The APR based Apache Tomcat Native library which allows optimal performance in production environments was not found on the java.library.path: [/Users/wangjie/Library/Java/Extensions:/Library/Java/Extensions:/Network/Library/Java/Extensions:/System/Library/Java/Extensions:/usr/lib/java:.]
2020-10-19 12:01:55,887 INFO [restartedMain] o.a.c.c.C.[.[.[/tgnuaa] [DirectJDKLog.java:173] Initializing Spring embedded WebApplicationContext
2020-10-19 12:01:55,888 INFO [restartedMain] o.s.w.c.ContextLoader [ServletWebServerApplicationContext.java:296] Root WebApplicationContext: initialization completed in 1429 ms
2020-10-19 12:01:56,064 INFO [restartedMain] c.a.d.s.b.a.DruidDataSourceAutoConfigure [DruidDataSourceAutoConfigure.java:56] Init DruidDataSource
2020-10-19 12:01:56,255 INFO [restartedMain] c.a.d.p.DruidDataSource [DruidDataSource.java:991] {dataSource-1} inited
2020-10-19 12:01:56,592 INFO [restartedMain] s.d.s.w.PropertySourcedRequestMappingHandlerMapping [PropertySourcedRequestMappingHandlerMapping.java:69] Mapped URL path [/v2/api-docs] onto method [public org.springframework.http.ResponseEntity<springfox.documentation.spring.web.json.Json> springfox.documentation.swagger2.web.Swagger2Controller.getDocumentation(java.lang.String,javax.servlet.http.HttpServletRequest)]
2020-10-19 12:01:56,703 INFO [restartedMain] o.s.s.c.ThreadPoolTaskExecutor [ExecutorConfigurationSupport.java:171] Initializing ExecutorService 'applicationTaskExecutor'
2020-10-19 12:01:56,893 INFO [restartedMain] o.s.b.d.a.OptionalLiveReloadServer [OptionalLiveReloadServer.java:57] LiveReload server is running on port 35729
2020-10-19 12:01:56,922 INFO [restartedMain] s.d.s.w.p.DocumentationPluginsBootstrapper [DocumentationPluginsBootstrapper.java:160] Context refreshed
2020-10-19 12:01:56,935 INFO [restartedMain] s.d.s.w.p.DocumentationPluginsBootstrapper [DocumentationPluginsBootstrapper.java:163] Found 1 custom documentation plugin(s)
2020-10-19 12:01:56,957 INFO [restartedMain] s.d.s.w.s.ApiListingReferenceScanner [ApiListingReferenceScanner.java:41] Scanning for api listing references
2020-10-19 12:01:57,069 INFO [restartedMain] o.a.c.h.Http11NioProtocol [DirectJDKLog.java:173] Starting ProtocolHandler ["http-nio-8080"]
2020-10-19 12:01:57,088 INFO [restartedMain] o.a.t.u.n.NioSelectorPool [DirectJDKLog.java:173] Using a shared selector for servlet write/read
2020-10-19 12:01:57,102 INFO [restartedMain] o.s.b.w.e.t.TomcatWebServer [TomcatWebServer.java:204] Tomcat started on port(s): 8080 (http) with context path '/tgnuaa'
2020-10-19 12:01:57,112 INFO [restartedMain] c.e.d.DemoApplication [StartupInfoLogger.java:59] Started DemoApplication in 2.961 seconds (JVM running for 3.705)
2020-10-19 12:02:00,485 INFO [Thread-14] o.s.s.c.ThreadPoolTaskExecutor [ExecutorConfigurationSupport.java:208] Shutting down ExecutorService 'applicationTaskExecutor'
2020-10-19 12:02:00,488 INFO [Thread-14] c.a.d.p.DruidDataSource [DruidDataSource.java:1928] {dataSource-1} closed
2020-10-19 12:02:02,771 INFO [restartedMain] c.e.d.DemoApplication [StartupInfoLogger.java:50] Starting DemoApplication on wangjiedeMacBook-Pro.local with PID 17302 (/Users/wangjie/project/tgnuaa_server/target/classes started by wangjie in /Users/wangjie/project/tgnuaa_server)
2020-10-19 12:02:02,774 INFO [restartedMain] c.e.d.DemoApplication [SpringApplication.java:675] No active profile set, falling back to default profiles: default
2020-10-19 12:02:03,897 INFO [restartedMain] o.s.c.s.PostProcessorRegistrationDelegate$BeanPostProcessorChecker [PostProcessorRegistrationDelegate.java:330] Bean 'org.springframework.transaction.annotation.ProxyTransactionManagementConfiguration' of type [org.springframework.transaction.annotation.ProxyTransactionManagementConfiguration$$EnhancerBySpringCGLIB$$744c5485] is not eligible for getting processed by all BeanPostProcessors (for example: not eligible for auto-proxying)
2020-10-19 12:02:04,165 INFO [restartedMain] o.s.b.w.e.t.TomcatWebServer [TomcatWebServer.java:90] Tomcat initialized with port(s): 8080 (http)
2020-10-19 12:02:04,173 INFO [restartedMain] o.a.c.h.Http11NioProtocol [DirectJDKLog.java:173] Initializing ProtocolHandler ["http-nio-8080"]
2020-10-19 12:02:04,181 INFO [restartedMain] o.a.c.c.StandardService [DirectJDKLog.java:173] Starting service [Tomcat]
2020-10-19 12:02:04,181 INFO [restartedMain] o.a.c.c.StandardEngine [DirectJDKLog.java:173] Starting Servlet Engine: Apache Tomcat/9.0.13
2020-10-19 12:02:04,186 INFO [restartedMain] o.a.c.c.AprLifecycleListener [DirectJDKLog.java:173] The APR based Apache Tomcat Native library which allows optimal performance in production environments was not found on the java.library.path: [/Users/wangjie/Library/Java/Extensions:/Library/Java/Extensions:/Network/Library/Java/Extensions:/System/Library/Java/Extensions:/usr/lib/java:.]
2020-10-19 12:02:04,248 INFO [restartedMain] o.a.c.c.C.[.[.[/tgnuaa] [DirectJDKLog.java:173] Initializing Spring embedded WebApplicationContext
2020-10-19 12:02:04,249 INFO [restartedMain] o.s.w.c.ContextLoader [ServletWebServerApplicationContext.java:296] Root WebApplicationContext: initialization completed in 1435 ms
2020-10-19 12:02:04,369 INFO [restartedMain] c.a.d.s.b.a.DruidDataSourceAutoConfigure [DruidDataSourceAutoConfigure.java:56] Init DruidDataSource
2020-10-19 12:02:04,511 INFO [restartedMain] c.a.d.p.DruidDataSource [DruidDataSource.java:991] {dataSource-1} inited
2020-10-19 12:02:04,807 INFO [restartedMain] s.d.s.w.PropertySourcedRequestMappingHandlerMapping [PropertySourcedRequestMappingHandlerMapping.java:69] Mapped URL path [/v2/api-docs] onto method [public org.springframework.http.ResponseEntity<springfox.documentation.spring.web.json.Json> springfox.documentation.swagger2.web.Swagger2Controller.getDocumentation(java.lang.String,javax.servlet.http.HttpServletRequest)]
2020-10-19 12:02:04,924 INFO [restartedMain] o.s.s.c.ThreadPoolTaskExecutor [ExecutorConfigurationSupport.java:171] Initializing ExecutorService 'applicationTaskExecutor'
2020-10-19 12:02:05,095 INFO [restartedMain] o.s.b.d.a.OptionalLiveReloadServer [OptionalLiveReloadServer.java:57] LiveReload server is running on port 35729
2020-10-19 12:02:05,124 INFO [restartedMain] s.d.s.w.p.DocumentationPluginsBootstrapper [DocumentationPluginsBootstrapper.java:160] Context refreshed
2020-10-19 12:02:05,135 INFO [restartedMain] s.d.s.w.p.DocumentationPluginsBootstrapper [DocumentationPluginsBootstrapper.java:163] Found 1 custom documentation plugin(s)
2020-10-19 12:02:05,156 INFO [restartedMain] s.d.s.w.s.ApiListingReferenceScanner [ApiListingReferenceScanner.java:41] Scanning for api listing references
2020-10-19 12:02:05,259 INFO [restartedMain] o.a.c.h.Http11NioProtocol [DirectJDKLog.java:173] Starting ProtocolHandler ["http-nio-8080"]
2020-10-19 12:02:05,275 INFO [restartedMain] o.a.t.u.n.NioSelectorPool [DirectJDKLog.java:173] Using a shared selector for servlet write/read
2020-10-19 12:02:05,288 INFO [restartedMain] o.s.b.w.e.t.TomcatWebServer [TomcatWebServer.java:204] Tomcat started on port(s): 8080 (http) with context path '/tgnuaa'
2020-10-19 12:02:05,292 INFO [restartedMain] c.e.d.DemoApplication [StartupInfoLogger.java:59] Started DemoApplication in 2.746 seconds (JVM running for 3.379)
2020-10-19 12:02:10,387 INFO [http-nio-8080-exec-1] o.a.c.c.C.[.[.[/tgnuaa] [DirectJDKLog.java:173] Initializing Spring DispatcherServlet 'dispatcherServlet'
2020-10-19 12:02:10,390 INFO [http-nio-8080-exec-1] o.s.w.s.DispatcherServlet [FrameworkServlet.java:524] Initializing Servlet 'dispatcherServlet'
2020-10-19 12:02:10,398 INFO [http-nio-8080-exec-1] o.s.w.s.DispatcherServlet [FrameworkServlet.java:546] Completed initialization in 8 ms
2020-10-19 12:02:37,093 INFO [Thread-14] o.s.s.c.ThreadPoolTaskExecutor [ExecutorConfigurationSupport.java:208] Shutting down ExecutorService 'applicationTaskExecutor'
2020-10-19 12:02:37,101 INFO [Thread-14] c.a.d.p.DruidDataSource [DruidDataSource.java:1928] {dataSource-1} closed
2020-10-19 12:02:40,365 INFO [restartedMain] c.e.d.DemoApplication [StartupInfoLogger.java:50] Starting DemoApplication on wangjiedeMacBook-Pro.local with PID 17319 (/Users/wangjie/project/tgnuaa_server/target/classes started by wangjie in /Users/wangjie/project/tgnuaa_server)
2020-10-19 12:02:40,368 INFO [restartedMain] c.e.d.DemoApplication [SpringApplication.java:675] No active profile set, falling back to default profiles: default
2020-10-19 12:02:41,418 INFO [restartedMain] o.s.c.s.PostProcessorRegistrationDelegate$BeanPostProcessorChecker [PostProcessorRegistrationDelegate.java:330] Bean 'org.springframework.transaction.annotation.ProxyTransactionManagementConfiguration' of type [org.springframework.transaction.annotation.ProxyTransactionManagementConfiguration$$EnhancerBySpringCGLIB$$aebb3940] is not eligible for getting processed by all BeanPostProcessors (for example: not eligible for auto-proxying)
2020-10-19 12:02:41,697 INFO [restartedMain] o.s.b.w.e.t.TomcatWebServer [TomcatWebServer.java:90] Tomcat initialized with port(s): 8080 (http)
2020-10-19 12:02:41,709 INFO [restartedMain] o.a.c.h.Http11NioProtocol [DirectJDKLog.java:173] Initializing ProtocolHandler ["http-nio-8080"]
2020-10-19 12:02:41,720 INFO [restartedMain] o.a.c.c.StandardService [DirectJDKLog.java:173] Starting service [Tomcat]
2020-10-19 12:02:41,721 INFO [restartedMain] o.a.c.c.StandardEngine [DirectJDKLog.java:173] Starting Servlet Engine: Apache Tomcat/9.0.13
2020-10-19 12:02:41,727 INFO [restartedMain] o.a.c.c.AprLifecycleListener [DirectJDKLog.java:173] The APR based Apache Tomcat Native library which allows optimal performance in production environments was not found on the java.library.path: [/Users/wangjie/Library/Java/Extensions:/Library/Java/Extensions:/Network/Library/Java/Extensions:/System/Library/Java/Extensions:/usr/lib/java:.]
2020-10-19 12:02:41,830 INFO [restartedMain] o.a.c.c.C.[.[.[/tgnuaa] [DirectJDKLog.java:173] Initializing Spring embedded WebApplicationContext
2020-10-19 12:02:41,830 INFO [restartedMain] o.s.w.c.ContextLoader [ServletWebServerApplicationContext.java:296] Root WebApplicationContext: initialization completed in 1421 ms
2020-10-19 12:02:41,973 INFO [restartedMain] c.a.d.s.b.a.DruidDataSourceAutoConfigure [DruidDataSourceAutoConfigure.java:56] Init DruidDataSource
2020-10-19 12:02:42,167 INFO [restartedMain] c.a.d.p.DruidDataSource [DruidDataSource.java:991] {dataSource-1} inited
2020-10-19 12:02:42,607 INFO [restartedMain] s.d.s.w.PropertySourcedRequestMappingHandlerMapping [PropertySourcedRequestMappingHandlerMapping.java:69] Mapped URL path [/v2/api-docs] onto method [public org.springframework.http.ResponseEntity<springfox.documentation.spring.web.json.Json> springfox.documentation.swagger2.web.Swagger2Controller.getDocumentation(java.lang.String,javax.servlet.http.HttpServletRequest)]
2020-10-19 12:02:42,734 INFO [restartedMain] o.s.s.c.ThreadPoolTaskExecutor [ExecutorConfigurationSupport.java:171] Initializing ExecutorService 'applicationTaskExecutor'
2020-10-19 12:02:42,980 INFO [restartedMain] o.s.b.d.a.OptionalLiveReloadServer [OptionalLiveReloadServer.java:57] LiveReload server is running on port 35729
2020-10-19 12:02:43,010 INFO [restartedMain] s.d.s.w.p.DocumentationPluginsBootstrapper [DocumentationPluginsBootstrapper.java:160] Context refreshed
2020-10-19 12:02:43,027 INFO [restartedMain] s.d.s.w.p.DocumentationPluginsBootstrapper [DocumentationPluginsBootstrapper.java:163] Found 1 custom documentation plugin(s)
2020-10-19 12:02:43,055 INFO [restartedMain] s.d.s.w.s.ApiListingReferenceScanner [ApiListingReferenceScanner.java:41] Scanning for api listing references
2020-10-19 12:02:43,195 INFO [restartedMain] o.a.c.h.Http11NioProtocol [DirectJDKLog.java:173] Starting ProtocolHandler ["http-nio-8080"]
2020-10-19 12:02:43,216 INFO [restartedMain] o.a.t.u.n.NioSelectorPool [DirectJDKLog.java:173] Using a shared selector for servlet write/read
2020-10-19 12:02:43,233 INFO [restartedMain] o.s.b.w.e.t.TomcatWebServer [TomcatWebServer.java:204] Tomcat started on port(s): 8080 (http) with context path '/tgnuaa'
2020-10-19 12:02:43,243 INFO [restartedMain] c.e.d.DemoApplication [StartupInfoLogger.java:59] Started DemoApplication in 3.09 seconds (JVM running for 3.672)
2020-10-19 12:02:45,242 INFO [http-nio-8080-exec-2] o.a.c.c.C.[.[.[/tgnuaa] [DirectJDKLog.java:173] Initializing Spring DispatcherServlet 'dispatcherServlet'
2020-10-19 12:02:45,243 INFO [http-nio-8080-exec-2] o.s.w.s.DispatcherServlet [FrameworkServlet.java:524] Initializing Servlet 'dispatcherServlet'
2020-10-19 12:02:45,250 INFO [http-nio-8080-exec-2] o.s.w.s.DispatcherServlet [FrameworkServlet.java:546] Completed initialization in 7 ms
2020-10-19 12:11:09,068 INFO [Thread-14] o.s.s.c.ThreadPoolTaskExecutor [ExecutorConfigurationSupport.java:208] Shutting down ExecutorService 'applicationTaskExecutor'
2020-10-19 12:11:09,099 INFO [Thread-14] c.a.d.p.DruidDataSource [DruidDataSource.java:1928] {dataSource-1} closed
2020-10-19 12:11:47,459 INFO [restartedMain] c.e.d.DemoApplication [StartupInfoLogger.java:50] Starting DemoApplication on wangjiedeMacBook-Pro.local with PID 17521 (/Users/wangjie/project/tgnuaa_server/target/classes started by wangjie in /Users/wangjie/project/tgnuaa_server)
2020-10-19 12:11:47,461 INFO [restartedMain] c.e.d.DemoApplication [SpringApplication.java:675] No active profile set, falling back to default profiles: default
2020-10-19 12:11:48,592 INFO [restartedMain] o.s.c.s.PostProcessorRegistrationDelegate$BeanPostProcessorChecker [PostProcessorRegistrationDelegate.java:330] Bean 'org.springframework.transaction.annotation.ProxyTransactionManagementConfiguration' of type [org.springframework.transaction.annotation.ProxyTransactionManagementConfiguration$$EnhancerBySpringCGLIB$$f8a74d14] is not eligible for getting processed by all BeanPostProcessors (for example: not eligible for auto-proxying)
2020-10-19 12:11:48,930 INFO [restartedMain] o.s.b.w.e.t.TomcatWebServer [TomcatWebServer.java:90] Tomcat initialized with port(s): 8080 (http)
2020-10-19 12:11:48,942 INFO [restartedMain] o.a.c.h.Http11NioProtocol [DirectJDKLog.java:173] Initializing ProtocolHandler ["http-nio-8080"]
2020-10-19 12:11:48,950 INFO [restartedMain] o.a.c.c.StandardService [DirectJDKLog.java:173] Starting service [Tomcat]
2020-10-19 12:11:48,951 INFO [restartedMain] o.a.c.c.StandardEngine [DirectJDKLog.java:173] Starting Servlet Engine: Apache Tomcat/9.0.13
2020-10-19 12:11:48,956 INFO [restartedMain] o.a.c.c.AprLifecycleListener [DirectJDKLog.java:173] The APR based Apache Tomcat Native library which allows optimal performance in production environments was not found on the java.library.path: [/Users/wangjie/Library/Java/Extensions:/Library/Java/Extensions:/Network/Library/Java/Extensions:/System/Library/Java/Extensions:/usr/lib/java:.]
2020-10-19 12:11:49,035 INFO [restartedMain] o.a.c.c.C.[.[.[/tgnuaa] [DirectJDKLog.java:173] Initializing Spring embedded WebApplicationContext
2020-10-19 12:11:49,035 INFO [restartedMain] o.s.w.c.ContextLoader [ServletWebServerApplicationContext.java:296] Root WebApplicationContext: initialization completed in 1540 ms
2020-10-19 12:11:49,179 INFO [restartedMain] c.a.d.s.b.a.DruidDataSourceAutoConfigure [DruidDataSourceAutoConfigure.java:56] Init DruidDataSource
2020-10-19 12:11:49,378 INFO [restartedMain] c.a.d.p.DruidDataSource [DruidDataSource.java:991] {dataSource-1} inited
2020-10-19 12:11:49,678 INFO [restartedMain] s.d.s.w.PropertySourcedRequestMappingHandlerMapping [PropertySourcedRequestMappingHandlerMapping.java:69] Mapped URL path [/v2/api-docs] onto method [public org.springframework.http.ResponseEntity<springfox.documentation.spring.web.json.Json> springfox.documentation.swagger2.web.Swagger2Controller.getDocumentation(java.lang.String,javax.servlet.http.HttpServletRequest)]
2020-10-19 12:11:49,775 INFO [restartedMain] o.s.s.c.ThreadPoolTaskExecutor [ExecutorConfigurationSupport.java:171] Initializing ExecutorService 'applicationTaskExecutor'
2020-10-19 12:11:49,956 INFO [restartedMain] o.s.b.d.a.OptionalLiveReloadServer [OptionalLiveReloadServer.java:57] LiveReload server is running on port 35729
2020-10-19 12:11:49,984 INFO [restartedMain] s.d.s.w.p.DocumentationPluginsBootstrapper [DocumentationPluginsBootstrapper.java:160] Context refreshed
2020-10-19 12:11:49,996 INFO [restartedMain] s.d.s.w.p.DocumentationPluginsBootstrapper [DocumentationPluginsBootstrapper.java:163] Found 1 custom documentation plugin(s)
2020-10-19 12:11:50,017 INFO [restartedMain] s.d.s.w.s.ApiListingReferenceScanner [ApiListingReferenceScanner.java:41] Scanning for api listing references
2020-10-19 12:11:50,122 INFO [restartedMain] o.a.c.h.Http11NioProtocol [DirectJDKLog.java:173] Starting ProtocolHandler ["http-nio-8080"]
2020-10-19 12:11:50,138 INFO [restartedMain] o.a.t.u.n.NioSelectorPool [DirectJDKLog.java:173] Using a shared selector for servlet write/read
2020-10-19 12:11:50,151 INFO [restartedMain] o.s.b.w.e.t.TomcatWebServer [TomcatWebServer.java:204] Tomcat started on port(s): 8080 (http) with context path '/tgnuaa'
2020-10-19 12:11:50,154 INFO [restartedMain] c.e.d.DemoApplication [StartupInfoLogger.java:59] Started DemoApplication in 2.905 seconds (JVM running for 3.659)
2020-10-19 12:12:03,003 INFO [http-nio-8080-exec-2] o.a.c.c.C.[.[.[/tgnuaa] [DirectJDKLog.java:173] Initializing Spring DispatcherServlet 'dispatcherServlet'
2020-10-19 12:12:03,004 INFO [http-nio-8080-exec-2] o.s.w.s.DispatcherServlet [FrameworkServlet.java:524] Initializing Servlet 'dispatcherServlet'
2020-10-19 12:12:03,012 INFO [http-nio-8080-exec-2] o.s.w.s.DispatcherServlet [FrameworkServlet.java:546] Completed initialization in 8 ms
2020-10-19 12:12:09,537 INFO [Thread-14] o.s.s.c.ThreadPoolTaskExecutor [ExecutorConfigurationSupport.java:208] Shutting down ExecutorService 'applicationTaskExecutor'
2020-10-19 12:12:09,540 INFO [Thread-14] c.a.d.p.DruidDataSource [DruidDataSource.java:1928] {dataSource-1} closed
2020-10-19 12:23:39,495 INFO [restartedMain] c.e.d.DemoApplication [StartupInfoLogger.java:50] Starting DemoApplication on wangjiedeMacBook-Pro.local with PID 17780 (/Users/wangjie/project/tgnuaa_server/target/classes started by wangjie in /Users/wangjie/project/tgnuaa_server)
2020-10-19 12:23:39,498 INFO [restartedMain] c.e.d.DemoApplication [SpringApplication.java:675] No active profile set, falling back to default profiles: default
2020-10-19 12:23:40,734 INFO [restartedMain] o.s.c.s.PostProcessorRegistrationDelegate$BeanPostProcessorChecker [PostProcessorRegistrationDelegate.java:330] Bean 'org.springframework.transaction.annotation.ProxyTransactionManagementConfiguration' of type [org.springframework.transaction.annotation.ProxyTransactionManagementConfiguration$$EnhancerBySpringCGLIB$$590680b3] is not eligible for getting processed by all BeanPostProcessors (for example: not eligible for auto-proxying)
2020-10-19 12:23:41,291 INFO [restartedMain] o.s.b.w.e.t.TomcatWebServer [TomcatWebServer.java:90] Tomcat initialized with port(s): 8080 (http)
2020-10-19 12:23:41,309 INFO [restartedMain] o.a.c.h.Http11NioProtocol [DirectJDKLog.java:173] Initializing ProtocolHandler ["http-nio-8080"]
2020-10-19 12:23:41,320 INFO [restartedMain] o.a.c.c.StandardService [DirectJDKLog.java:173] Starting service [Tomcat]
2020-10-19 12:23:41,320 INFO [restartedMain] o.a.c.c.StandardEngine [DirectJDKLog.java:173] Starting Servlet Engine: Apache Tomcat/9.0.13
2020-10-19 12:23:41,328 INFO [restartedMain] o.a.c.c.AprLifecycleListener [DirectJDKLog.java:173] The APR based Apache Tomcat Native library which allows optimal performance in production environments was not found on the java.library.path: [/Users/wangjie/Library/Java/Extensions:/Library/Java/Extensions:/Network/Library/Java/Extensions:/System/Library/Java/Extensions:/usr/lib/java:.]
2020-10-19 12:23:41,425 INFO [restartedMain] o.a.c.c.C.[.[.[/tgnuaa] [DirectJDKLog.java:173] Initializing Spring embedded WebApplicationContext
2020-10-19 12:23:41,426 INFO [restartedMain] o.s.w.c.ContextLoader [ServletWebServerApplicationContext.java:296] Root WebApplicationContext: initialization completed in 1885 ms
2020-10-19 12:23:41,627 INFO [restartedMain] c.a.d.s.b.a.DruidDataSourceAutoConfigure [DruidDataSourceAutoConfigure.java:56] Init DruidDataSource
2020-10-19 12:23:41,824 INFO [restartedMain] c.a.d.p.DruidDataSource [DruidDataSource.java:991] {dataSource-1} inited
2020-10-19 12:23:42,194 INFO [restartedMain] s.d.s.w.PropertySourcedRequestMappingHandlerMapping [PropertySourcedRequestMappingHandlerMapping.java:69] Mapped URL path [/v2/api-docs] onto method [public org.springframework.http.ResponseEntity<springfox.documentation.spring.web.json.Json> springfox.documentation.swagger2.web.Swagger2Controller.getDocumentation(java.lang.String,javax.servlet.http.HttpServletRequest)]
2020-10-19 12:23:42,306 INFO [restartedMain] o.s.s.c.ThreadPoolTaskExecutor [ExecutorConfigurationSupport.java:171] Initializing ExecutorService 'applicationTaskExecutor'
2020-10-19 12:23:42,551 INFO [restartedMain] o.s.b.d.a.OptionalLiveReloadServer [OptionalLiveReloadServer.java:57] LiveReload server is running on port 35729
2020-10-19 12:23:42,582 INFO [restartedMain] s.d.s.w.p.DocumentationPluginsBootstrapper [DocumentationPluginsBootstrapper.java:160] Context refreshed
2020-10-19 12:23:42,604 INFO [restartedMain] s.d.s.w.p.DocumentationPluginsBootstrapper [DocumentationPluginsBootstrapper.java:163] Found 1 custom documentation plugin(s)
2020-10-19 12:23:42,634 INFO [restartedMain] s.d.s.w.s.ApiListingReferenceScanner [ApiListingReferenceScanner.java:41] Scanning for api listing references
2020-10-19 12:23:42,794 INFO [restartedMain] o.a.c.h.Http11NioProtocol [DirectJDKLog.java:173] Starting ProtocolHandler ["http-nio-8080"]
2020-10-19 12:23:42,817 INFO [restartedMain] o.a.t.u.n.NioSelectorPool [DirectJDKLog.java:173] Using a shared selector for servlet write/read
2020-10-19 12:23:42,833 INFO [restartedMain] o.s.b.w.e.t.TomcatWebServer [TomcatWebServer.java:204] Tomcat started on port(s): 8080 (http) with context path '/tgnuaa'
2020-10-19 12:23:42,838 INFO [restartedMain] c.e.d.DemoApplication [StartupInfoLogger.java:59] Started DemoApplication in 3.767 seconds (JVM running for 5.006)
2020-10-19 12:23:47,360 INFO [http-nio-8080-exec-2] o.a.c.c.C.[.[.[/tgnuaa] [DirectJDKLog.java:173] Initializing Spring DispatcherServlet 'dispatcherServlet'
2020-10-19 12:23:47,362 INFO [http-nio-8080-exec-2] o.s.w.s.DispatcherServlet [FrameworkServlet.java:524] Initializing Servlet 'dispatcherServlet'
2020-10-19 12:23:47,390 INFO [http-nio-8080-exec-2] o.s.w.s.DispatcherServlet [FrameworkServlet.java:546] Completed initialization in 28 ms
2020-10-19 12:25:50,747 INFO [Thread-17] o.s.s.c.ThreadPoolTaskExecutor [ExecutorConfigurationSupport.java:208] Shutting down ExecutorService 'applicationTaskExecutor'
2020-10-19 12:25:50,769 INFO [Thread-17] c.a.d.p.DruidDataSource [DruidDataSource.java:1928] {dataSource-1} closed
2020-10-19 12:25:54,987 INFO [restartedMain] c.e.d.DemoApplication [StartupInfoLogger.java:50] Starting DemoApplication on wangjiedeMacBook-Pro.local with PID 17832 (/Users/wangjie/project/tgnuaa_server/target/classes started by wangjie in /Users/wangjie/project/tgnuaa_server)
2020-10-19 12:25:54,990 INFO [restartedMain] c.e.d.DemoApplication [SpringApplication.java:675] No active profile set, falling back to default profiles: default
2020-10-19 12:25:55,906 INFO [restartedMain] o.s.c.s.PostProcessorRegistrationDelegate$BeanPostProcessorChecker [PostProcessorRegistrationDelegate.java:330] Bean 'org.springframework.transaction.annotation.ProxyTransactionManagementConfiguration' of type [org.springframework.transaction.annotation.ProxyTransactionManagementConfiguration$$EnhancerBySpringCGLIB$$ed7b97af] is not eligible for getting processed by all BeanPostProcessors (for example: not eligible for auto-proxying)
2020-10-19 12:25:56,207 INFO [restartedMain] o.s.b.w.e.t.TomcatWebServer [TomcatWebServer.java:90] Tomcat initialized with port(s): 8080 (http)
2020-10-19 12:25:56,218 INFO [restartedMain] o.a.c.h.Http11NioProtocol [DirectJDKLog.java:173] Initializing ProtocolHandler ["http-nio-8080"]
2020-10-19 12:25:56,227 INFO [restartedMain] o.a.c.c.StandardService [DirectJDKLog.java:173] Starting service [Tomcat]
2020-10-19 12:25:56,227 INFO [restartedMain] o.a.c.c.StandardEngine [DirectJDKLog.java:173] Starting Servlet Engine: Apache Tomcat/9.0.13
2020-10-19 12:25:56,233 INFO [restartedMain] o.a.c.c.AprLifecycleListener [DirectJDKLog.java:173] The APR based Apache Tomcat Native library which allows optimal performance in production environments was not found on the java.library.path: [/Users/wangjie/Library/Java/Extensions:/Library/Java/Extensions:/Network/Library/Java/Extensions:/System/Library/Java/Extensions:/usr/lib/java:.]
2020-10-19 12:25:56,309 INFO [restartedMain] o.a.c.c.C.[.[.[/tgnuaa] [DirectJDKLog.java:173] Initializing Spring embedded WebApplicationContext
2020-10-19 12:25:56,310 INFO [restartedMain] o.s.w.c.ContextLoader [ServletWebServerApplicationContext.java:296] Root WebApplicationContext: initialization completed in 1279 ms
2020-10-19 12:25:56,448 INFO [restartedMain] c.a.d.s.b.a.DruidDataSourceAutoConfigure [DruidDataSourceAutoConfigure.java:56] Init DruidDataSource
2020-10-19 12:25:56,616 INFO [restartedMain] c.a.d.p.DruidDataSource [DruidDataSource.java:991] {dataSource-1} inited
2020-10-19 12:25:56,938 INFO [restartedMain] s.d.s.w.PropertySourcedRequestMappingHandlerMapping [PropertySourcedRequestMappingHandlerMapping.java:69] Mapped URL path [/v2/api-docs] onto method [public org.springframework.http.ResponseEntity<springfox.documentation.spring.web.json.Json> springfox.documentation.swagger2.web.Swagger2Controller.getDocumentation(java.lang.String,javax.servlet.http.HttpServletRequest)]
2020-10-19 12:25:57,045 INFO [restartedMain] o.s.s.c.ThreadPoolTaskExecutor [ExecutorConfigurationSupport.java:171] Initializing ExecutorService 'applicationTaskExecutor'
2020-10-19 12:25:57,236 INFO [restartedMain] o.s.b.d.a.OptionalLiveReloadServer [OptionalLiveReloadServer.java:57] LiveReload server is running on port 35729
2020-10-19 12:25:57,263 INFO [restartedMain] s.d.s.w.p.DocumentationPluginsBootstrapper [DocumentationPluginsBootstrapper.java:160] Context refreshed
2020-10-19 12:25:57,276 INFO [restartedMain] s.d.s.w.p.DocumentationPluginsBootstrapper [DocumentationPluginsBootstrapper.java:163] Found 1 custom documentation plugin(s)
2020-10-19 12:25:57,300 INFO [restartedMain] s.d.s.w.s.ApiListingReferenceScanner [ApiListingReferenceScanner.java:41] Scanning for api listing references
2020-10-19 12:25:57,404 INFO [restartedMain] o.a.c.h.Http11NioProtocol [DirectJDKLog.java:173] Starting ProtocolHandler ["http-nio-8080"]
2020-10-19 12:25:57,422 INFO [restartedMain] o.a.t.u.n.NioSelectorPool [DirectJDKLog.java:173] Using a shared selector for servlet write/read
2020-10-19 12:25:57,433 INFO [restartedMain] o.s.b.w.e.t.TomcatWebServer [TomcatWebServer.java:204] Tomcat started on port(s): 8080 (http) with context path '/tgnuaa'
2020-10-19 12:25:57,436 INFO [restartedMain] c.e.d.DemoApplication [StartupInfoLogger.java:59] Started DemoApplication in 2.699 seconds (JVM running for 3.507)
2020-10-19 12:26:06,145 INFO [http-nio-8080-exec-1] o.a.c.c.C.[.[.[/tgnuaa] [DirectJDKLog.java:173] Initializing Spring DispatcherServlet 'dispatcherServlet'
2020-10-19 12:26:06,146 INFO [http-nio-8080-exec-1] o.s.w.s.DispatcherServlet [FrameworkServlet.java:524] Initializing Servlet 'dispatcherServlet'
2020-10-19 12:26:06,155 INFO [http-nio-8080-exec-1] o.s.w.s.DispatcherServlet [FrameworkServlet.java:546] Completed initialization in 9 ms
2020-10-19 12:26:58,544 INFO [Thread-14] o.s.s.c.ThreadPoolTaskExecutor [ExecutorConfigurationSupport.java:208] Shutting down ExecutorService 'applicationTaskExecutor'
2020-10-19 12:26:58,552 INFO [Thread-14] c.a.d.p.DruidDataSource [DruidDataSource.java:1928] {dataSource-1} closed
2020-10-19 15:29:22,352 INFO [restartedMain] c.e.d.DemoApplication [StartupInfoLogger.java:50] Starting DemoApplication on wangjiedeMacBook-Pro.local with PID 21575 (/Users/wangjie/project/tgnuaa_server/target/classes started by wangjie in /Users/wangjie/project/tgnuaa_server)
2020-10-19 15:29:22,359 INFO [restartedMain] c.e.d.DemoApplication [SpringApplication.java:675] No active profile set, falling back to default profiles: default
2020-10-19 15:29:29,105 INFO [restartedMain] o.s.c.s.PostProcessorRegistrationDelegate$BeanPostProcessorChecker [PostProcessorRegistrationDelegate.java:330] Bean 'org.springframework.transaction.annotation.ProxyTransactionManagementConfiguration' of type [org.springframework.transaction.annotation.ProxyTransactionManagementConfiguration$$EnhancerBySpringCGLIB$$2954f23] is not eligible for getting processed by all BeanPostProcessors (for example: not eligible for auto-proxying)
2020-10-19 15:29:30,368 INFO [restartedMain] o.s.b.w.e.t.TomcatWebServer [TomcatWebServer.java:90] Tomcat initialized with port(s): 8080 (http)
2020-10-19 15:29:30,427 INFO [restartedMain] o.a.c.h.Http11NioProtocol [DirectJDKLog.java:173] Initializing ProtocolHandler ["http-nio-8080"]
2020-10-19 15:29:30,449 INFO [restartedMain] o.a.c.c.StandardService [DirectJDKLog.java:173] Starting service [Tomcat]
2020-10-19 15:29:30,450 INFO [restartedMain] o.a.c.c.StandardEngine [DirectJDKLog.java:173] Starting Servlet Engine: Apache Tomcat/9.0.13
2020-10-19 15:29:30,461 INFO [restartedMain] o.a.c.c.AprLifecycleListener [DirectJDKLog.java:173] The APR based Apache Tomcat Native library which allows optimal performance in production environments was not found on the java.library.path: [/Users/wangjie/Library/Java/Extensions:/Library/Java/Extensions:/Network/Library/Java/Extensions:/System/Library/Java/Extensions:/usr/lib/java:.]
2020-10-19 15:29:30,722 INFO [restartedMain] o.a.c.c.C.[.[.[/tgnuaa] [DirectJDKLog.java:173] Initializing Spring embedded WebApplicationContext
2020-10-19 15:29:30,722 INFO [restartedMain] o.s.w.c.ContextLoader [ServletWebServerApplicationContext.java:296] Root WebApplicationContext: initialization completed in 8191 ms
2020-10-19 15:29:30,948 INFO [restartedMain] c.a.d.s.b.a.DruidDataSourceAutoConfigure [DruidDataSourceAutoConfigure.java:56] Init DruidDataSource
2020-10-19 15:29:31,253 INFO [restartedMain] c.a.d.p.DruidDataSource [DruidDataSource.java:991] {dataSource-1} inited
2020-10-19 15:29:31,685 INFO [restartedMain] s.d.s.w.PropertySourcedRequestMappingHandlerMapping [PropertySourcedRequestMappingHandlerMapping.java:69] Mapped URL path [/v2/api-docs] onto method [public org.springframework.http.ResponseEntity<springfox.documentation.spring.web.json.Json> springfox.documentation.swagger2.web.Swagger2Controller.getDocumentation(java.lang.String,javax.servlet.http.HttpServletRequest)]
2020-10-19 15:29:31,820 INFO [restartedMain] o.s.s.c.ThreadPoolTaskExecutor [ExecutorConfigurationSupport.java:171] Initializing ExecutorService 'applicationTaskExecutor'
2020-10-19 15:29:32,082 INFO [restartedMain] o.s.b.d.a.OptionalLiveReloadServer [OptionalLiveReloadServer.java:57] LiveReload server is running on port 35729
2020-10-19 15:29:32,118 INFO [restartedMain] s.d.s.w.p.DocumentationPluginsBootstrapper [DocumentationPluginsBootstrapper.java:160] Context refreshed
2020-10-19 15:29:32,144 INFO [restartedMain] s.d.s.w.p.DocumentationPluginsBootstrapper [DocumentationPluginsBootstrapper.java:163] Found 1 custom documentation plugin(s)
2020-10-19 15:29:32,178 INFO [restartedMain] s.d.s.w.s.ApiListingReferenceScanner [ApiListingReferenceScanner.java:41] Scanning for api listing references
2020-10-19 15:29:32,333 INFO [restartedMain] o.a.c.h.Http11NioProtocol [DirectJDKLog.java:173] Starting ProtocolHandler ["http-nio-8080"]
2020-10-19 15:29:32,355 INFO [restartedMain] o.a.t.u.n.NioSelectorPool [DirectJDKLog.java:173] Using a shared selector for servlet write/read
2020-10-19 15:29:32,368 INFO [restartedMain] o.s.b.w.e.t.TomcatWebServer [TomcatWebServer.java:204] Tomcat started on port(s): 8080 (http) with context path '/tgnuaa'
2020-10-19 15:29:32,372 INFO [restartedMain] c.e.d.DemoApplication [StartupInfoLogger.java:59] Started DemoApplication in 11.667 seconds (JVM running for 14.145)
2020-10-19 15:29:49,337 INFO [http-nio-8080-exec-2] o.a.c.c.C.[.[.[/tgnuaa] [DirectJDKLog.java:173] Initializing Spring DispatcherServlet 'dispatcherServlet'
2020-10-19 15:29:49,339 INFO [http-nio-8080-exec-2] o.s.w.s.DispatcherServlet [FrameworkServlet.java:524] Initializing Servlet 'dispatcherServlet'
2020-10-19 15:29:49,397 INFO [http-nio-8080-exec-2] o.s.w.s.DispatcherServlet [FrameworkServlet.java:546] Completed initialization in 58 ms
2020-10-19 15:38:52,084 INFO [Thread-31] o.s.s.c.ThreadPoolTaskExecutor [ExecutorConfigurationSupport.java:208] Shutting down ExecutorService 'applicationTaskExecutor'
2020-10-19 15:38:52,144 INFO [Thread-31] c.a.d.p.DruidDataSource [DruidDataSource.java:1928] {dataSource-1} closed
